<?xml version="1.0" encoding="UTF-8"?>
<testng-results skipped="0" failed="0" ignored="0" total="1" passed="1">
  <reporter-output>
  </reporter-output>
  <suite name="Default suite" duration-ms="29623" started-at="2020-03-26T16:54:53Z" finished-at="2020-03-26T16:55:22Z">
    <groups>
    </groups>
    <test name="Default test" duration-ms="29623" started-at="2020-03-26T16:54:53Z" finished-at="2020-03-26T16:55:22Z">
      <class name="com.nagarro.nagp.tests.ItemCompare">
        <test-method status="PASS" signature="beforeTest()[pri:0, instance:com.nagarro.nagp.tests.ItemCompare@28d25987]" name="beforeTest" is-config="true" duration-ms="20476" started-at="2020-03-26T16:54:53Z" finished-at="2020-03-26T16:55:13Z">
          <reporter-output>
          </reporter-output>
        </test-method> <!-- beforeTest -->
        <test-method status="PASS" signature="f()[pri:0, instance:com.nagarro.nagp.tests.ItemCompare@28d25987]" name="f" duration-ms="8479" started-at="2020-03-26T16:55:13Z" finished-at="2020-03-26T16:55:22Z">
          <reporter-output>
          </reporter-output>
        </test-method> <!-- f -->
        <test-method status="PASS" signature="afterTest()[pri:0, instance:com.nagarro.nagp.tests.ItemCompare@28d25987]" name="afterTest" is-config="true" duration-ms="664" started-at="2020-03-26T16:55:22Z" finished-at="2020-03-26T16:55:22Z">
          <reporter-output>
          </reporter-output>
        </test-method> <!-- afterTest -->
      </class> <!-- com.nagarro.nagp.tests.ItemCompare -->
    </test> <!-- Default test -->
  </suite> <!-- Default suite -->
</testng-results>
